<?xml version="1.0" encoding="UTF-8"?>
<!-- Generated by org.testng.reporters.JUnitXMLReporter -->
<testsuite hostname="jobzella" ignored="0" name="Happy Registration Scenario" tests="2" failures="1" timestamp="18 Mar 2019 13:12:40 GMT" time="27.297" errors="0">
  <testcase name="registerWithExistedEmail" time="5.883" classname="tests.RegisterTests">
    <failure type="java.lang.AssertionError" message="expected [My Account] but found [Register]">
      <![CDATA[java.lang.AssertionError: expected [My Account] but found [Register]
at tests.RegisterTests.registerWithExistedEmail(RegisterTests.java:43)
... Removed 31 stack frames]]>
    </failure>
  </testcase> <!-- registerWithExistedEmail -->
  <testcase name="registerWithValidData" time="5.568" classname="tests.RegisterTests"/>
</testsuite> <!-- Happy Registration Scenario -->
